<?xml version="1.0" encoding="UTF-8"?>
<testsuite xmlns:xsi="http://www.w3.org/2001/XMLSchema-instance" xsi:noNamespaceSchemaLocation="https://maven.apache.org/surefire/maven-surefire-plugin/xsd/surefire-test-report.xsd" name="es.udc.paproject.backend.test.model.services.CatalogServiceTest" time="0.75" tests="8" errors="0" skipped="0" failures="0">
  <properties/>
  <testcase name="testFindByCategoryAndKeywords" classname="es.udc.paproject.backend.test.model.services.CatalogServiceTest" time="0.14"/>
  <testcase name="testFindProductByNonExistentId" classname="es.udc.paproject.backend.test.model.services.CatalogServiceTest" time="0.016"/>
  <testcase name="testFindProductById" classname="es.udc.paproject.backend.test.model.services.CatalogServiceTest" time="0.109"/>
  <testcase name="testFindZeroProducts" classname="es.udc.paproject.backend.test.model.services.CatalogServiceTest" time="0.109"/>
  <testcase name="testFindByCategory" classname="es.udc.paproject.backend.test.model.services.CatalogServiceTest" time="0.125"/>
  <testcase name="testFindAllProducts" classname="es.udc.paproject.backend.test.model.services.CatalogServiceTest" time="0.11"/>
  <testcase name="testFindByKeywords" classname="es.udc.paproject.backend.test.model.services.CatalogServiceTest" time="0.125"/>
  <testcase name="testFindAllCategories" classname="es.udc.paproject.backend.test.model.services.CatalogServiceTest" time="0.016"/>
</testsuite>